# JRE version: OpenJDK Runtime Environment JBR-11.0.9.1.11-1145.63-jcef (11.0.9.1+11) (build 11.0.9.1+11-b1145.63)
# Java VM: OpenJDK 64-Bit Server VM JBR-11.0.9.1.11-1145.63-jcef (11.0.9.1+11-b1145.63, mixed mode, tiered, compressed oops, concurrent mark sweep gc, linux-amd64)
Heap:
 par new generation   total 39296K, used 36488K [0x00000000c2e00000, 0x00000000c58a0000, 0x00000000d7350000)
  eden space 34944K,  92% used [0x00000000c2e00000, 0x00000000c4d747b0, 0x00000000c5020000)
  from space 4352K,  98% used [0x00000000c5460000, 0x00000000c588dbc8, 0x00000000c58a0000)
  to   space 4352K,   0% used [0x00000000c5020000, 0x00000000c5020000, 0x00000000c5460000)
 concurrent mark-sweep generation total 128684K, used 101908K [0x00000000d7350000, 0x00000000df0fb000, 0x0000000100000000)
 Metaspace       used 169762K, capacity 175596K, committed 175784K, reserved 1202176K
  class space    used 21517K, capacity 23931K, committed 23948K, reserved 1048576K
GC Heap History (20 events):
Event: 25.547 GC heap before
{Heap before GC invocations=9 (full 4):
 par new generation   total 39296K, used 39296K [0x00000000c2e00000, 0x00000000c58a0000, 0x00000000d7350000)
  eden space 34944K, 100% used [0x00000000c2e00000, 0x00000000c5020000, 0x00000000c5020000)
  from space 4352K, 100% used [0x00000000c5460000, 0x00000000c58a0000, 0x00000000c58a0000)
  to   space 4352K,   0% used [0x00000000c5020000, 0x00000000c5020000, 0x00000000c5460000)
 concurrent mark-sweep generation total 96104K, used 66286K [0x00000000d7350000, 0x00000000dd12a000, 0x0000000100000000)
 Metaspace       used 104347K, capacity 107890K, committed 108096K, reserved 1142784K
  class space    used 12922K, capacity 14383K, committed 14508K, reserved 1048576K
}
Event: 25.567 GC heap after
{Heap after GC invocations=10 (full 4):
 par new generation   total 39296K, used 4352K [0x00000000c2e00000, 0x00000000c58a0000, 0x00000000d7350000)
  eden space 34944K,   0% used [0x00000000c2e00000, 0x00000000c2e00000, 0x00000000c5020000)
  from space 4352K, 100% used [0x00000000c5020000, 0x00000000c5460000, 0x00000000c5460000)
  to   space 4352K,   0% used [0x00000000c5460000, 0x00000000c5460000, 0x00000000c58a0000)
 concurrent mark-sweep generation total 96104K, used 70734K [0x00000000d7350000, 0x00000000dd12a000, 0x0000000100000000)
 Metaspace       used 104347K, capacity 107890K, committed 108096K, reserved 1142784K
  class space    used 12922K, capacity 14383K, committed 14508K, reserved 1048576K
}
Event: 26.643 GC heap before
{Heap before GC invocations=10 (full 4):
 par new generation   total 39296K, used 39296K [0x00000000c2e00000, 0x00000000c58a0000, 0x00000000d7350000)
  eden space 34944K, 100% used [0x00000000c2e00000, 0x00000000c5020000, 0x00000000c5020000)
  from space 4352K, 100% used [0x00000000c5020000, 0x00000000c5460000, 0x00000000c5460000)
  to   space 4352K,   0% used [0x00000000c5460000, 0x00000000c5460000, 0x00000000c58a0000)
 concurrent mark-sweep generation total 96104K, used 70734K [0x00000000d7350000, 0x00000000dd12a000, 0x0000000100000000)
 Metaspace       used 112255K, capacity 116118K, committed 116304K, reserved 1150976K
  class space    used 13952K, capacity 15582K, committed 15656K, reserved 1048576K
}
Event: 26.651 GC heap after
{Heap after GC invocations=11 (full 4):
 par new generation   total 39296K, used 4352K [0x00000000c2e00000, 0x00000000c58a0000, 0x00000000d7350000)
  eden space 34944K,   0% used [0x00000000c2e00000, 0x00000000c2e00000, 0x00000000c5020000)
  from space 4352K, 100% used [0x00000000c5460000, 0x00000000c58a0000, 0x00000000c58a0000)
  to   space 4352K,   0% used [0x00000000c5020000, 0x00000000c5020000, 0x00000000c5460000)
 concurrent mark-sweep generation total 96104K, used 75733K [0x00000000d7350000, 0x00000000dd12a000, 0x0000000100000000)
 Metaspace       used 112255K, capacity 116118K, committed 116304K, reserved 1150976K
  class space    used 13952K, capacity 15582K, committed 15656K, reserved 1048576K
}
Event: 27.221 GC heap before
{Heap before GC invocations=11 (full 5):
 par new generation   total 39296K, used 39296K [0x00000000c2e00000, 0x00000000c58a0000, 0x00000000d7350000)
  eden space 34944K, 100% used [0x00000000c2e00000, 0x00000000c5020000, 0x00000000c5020000)
  from space 4352K, 100% used [0x00000000c5460000, 0x00000000c58a0000, 0x00000000c58a0000)
  to   space 4352K,   0% used [0x00000000c5020000, 0x00000000c5020000, 0x00000000c5460000)
 concurrent mark-sweep generation total 96104K, used 75733K [0x00000000d7350000, 0x00000000dd12a000, 0x0000000100000000)
 Metaspace       used 115364K, capacity 119348K, committed 119472K, reserved 1153024K
  class space    used 14339K, capacity 15993K, committed 16040K, reserved 1048576K
}
Event: 27.226 GC heap after
{Heap after GC invocations=12 (full 5):
 par new generation   total 39296K, used 4352K [0x00000000c2e00000, 0x00000000c58a0000, 0x00000000d7350000)
  eden space 34944K,   0% used [0x00000000c2e00000, 0x00000000c2e00000, 0x00000000c5020000)
  from space 4352K, 100% used [0x00000000c5020000, 0x00000000c5460000, 0x00000000c5460000)
  to   space 4352K,   0% used [0x00000000c5460000, 0x00000000c5460000, 0x00000000c58a0000)
 concurrent mark-sweep generation total 96104K, used 78998K [0x00000000d7350000, 0x00000000dd12a000, 0x0000000100000000)
 Metaspace       used 115364K, capacity 119348K, committed 119472K, reserved 1153024K
  class space    used 14339K, capacity 15993K, committed 16040K, reserved 1048576K
}
Event: 28.481 GC heap before
{Heap before GC invocations=12 (full 5):
 par new generation   total 39296K, used 39296K [0x00000000c2e00000, 0x00000000c58a0000, 0x00000000d7350000)
  eden space 34944K, 100% used [0x00000000c2e00000, 0x00000000c5020000, 0x00000000c5020000)
  from space 4352K, 100% used [0x00000000c5020000, 0x00000000c5460000, 0x00000000c5460000)
  to   space 4352K,   0% used [0x00000000c5460000, 0x00000000c5460000, 0x00000000c58a0000)
 concurrent mark-sweep generation total 128684K, used 77209K [0x00000000d7350000, 0x00000000df0fb000, 0x0000000100000000)
 Metaspace       used 120493K, capacity 124813K, committed 125092K, reserved 1157120K
  class space    used 15099K, capacity 16848K, committed 16908K, reserved 1048576K
}
Event: 28.491 GC heap after
{Heap after GC invocations=13 (full 5):
 par new generation   total 39296K, used 4352K [0x00000000c2e00000, 0x00000000c58a0000, 0x00000000d7350000)
  eden space 34944K,   0% used [0x00000000c2e00000, 0x00000000c2e00000, 0x00000000c5020000)
  from space 4352K, 100% used [0x00000000c5460000, 0x00000000c58a0000, 0x00000000c58a0000)
  to   space 4352K,   0% used [0x00000000c5020000, 0x00000000c5020000, 0x00000000c5460000)
 concurrent mark-sweep generation total 128684K, used 80671K [0x00000000d7350000, 0x00000000df0fb000, 0x0000000100000000)
 Metaspace       used 120493K, capacity 124813K, committed 125092K, reserved 1157120K
  class space    used 15099K, capacity 16848K, committed 16908K, reserved 1048576K
}
Event: 28.810 GC heap before
{Heap before GC invocations=13 (full 5):
 par new generation   total 39296K, used 39296K [0x00000000c2e00000, 0x00000000c58a0000, 0x00000000d7350000)
  eden space 34944K, 100% used [0x00000000c2e00000, 0x00000000c5020000, 0x00000000c5020000)
  from space 4352K, 100% used [0x00000000c5460000, 0x00000000c58a0000, 0x00000000c58a0000)
  to   space 4352K,   0% used [0x00000000c5020000, 0x00000000c5020000, 0x00000000c5460000)
 concurrent mark-sweep generation total 128684K, used 80671K [0x00000000d7350000, 0x00000000df0fb000, 0x0000000100000000)
 Metaspace       used 122904K, capacity 127307K, committed 127656K, reserved 1159168K
  class space    used 15382K, capacity 17187K, committed 17292K, reserved 1048576K
}
Event: 28.816 GC heap after
{Heap after GC invocations=14 (full 5):
 par new generation   total 39296K, used 4352K [0x00000000c2e00000, 0x00000000c58a0000, 0x00000000d7350000)
  eden space 34944K,   0% used [0x00000000c2e00000, 0x00000000c2e00000, 0x00000000c5020000)
  from space 4352K, 100% used [0x00000000c5020000, 0x00000000c5460000, 0x00000000c5460000)
  to   space 4352K,   0% used [0x00000000c5460000, 0x00000000c5460000, 0x00000000c58a0000)
 concurrent mark-sweep generation total 128684K, used 84500K [0x00000000d7350000, 0x00000000df0fb000, 0x0000000100000000)
 Metaspace       used 122904K, capacity 127307K, committed 127656K, reserved 1159168K
  class space    used 15382K, capacity 17187K, committed 17292K, reserved 1048576K
}
Event: 29.939 GC heap before
{Heap before GC invocations=14 (full 5):
 par new generation   total 39296K, used 39296K [0x00000000c2e00000, 0x00000000c58a0000, 0x00000000d7350000)
  eden space 34944K, 100% used [0x00000000c2e00000, 0x00000000c5020000, 0x00000000c5020000)
  from space 4352K, 100% used [0x00000000c5020000, 0x00000000c5460000, 0x00000000c5460000)
  to   space 4352K,   0% used [0x00000000c5460000, 0x00000000c5460000, 0x00000000c58a0000)
 concurrent mark-sweep generation total 128684K, used 84500K [0x00000000d7350000, 0x00000000df0fb000, 0x0000000100000000)
 Metaspace       used 135229K, capacity 139674K, committed 140200K, reserved 1171456K
  class space    used 16872K, capacity 18729K, committed 18828K, reserved 1048576K
}
Event: 29.947 GC heap after
{Heap after GC invocations=15 (full 5):
 par new generation   total 39296K, used 4352K [0x00000000c2e00000, 0x00000000c58a0000, 0x00000000d7350000)
  eden space 34944K,   0% used [0x00000000c2e00000, 0x00000000c2e00000, 0x00000000c5020000)
  from space 4352K, 100% used [0x00000000c5460000, 0x00000000c58a0000, 0x00000000c58a0000)
  to   space 4352K,   0% used [0x00000000c5020000, 0x00000000c5020000, 0x00000000c5460000)
 concurrent mark-sweep generation total 128684K, used 89511K [0x00000000d7350000, 0x00000000df0fb000, 0x0000000100000000)
 Metaspace       used 135229K, capacity 139674K, committed 140200K, reserved 1171456K
  class space    used 16872K, capacity 18729K, committed 18828K, reserved 1048576K
}
Event: 33.739 GC heap before
{Heap before GC invocations=15 (full 5):
 par new generation   total 39296K, used 39296K [0x00000000c2e00000, 0x00000000c58a0000, 0x00000000d7350000)
  eden space 34944K, 100% used [0x00000000c2e00000, 0x00000000c5020000, 0x00000000c5020000)
  from space 4352K, 100% used [0x00000000c5460000, 0x00000000c58a0000, 0x00000000c58a0000)
  to   space 4352K,   0% used [0x00000000c5020000, 0x00000000c5020000, 0x00000000c5460000)
 concurrent mark-sweep generation total 128684K, used 89511K [0x00000000d7350000, 0x00000000df0fb000, 0x0000000100000000)
 Metaspace       used 143694K, capacity 148366K, committed 148776K, reserved 1177600K
  class space    used 17912K, capacity 19852K, committed 19980K, reserved 1048576K
}
Event: 33.746 GC heap after
{Heap after GC invocations=16 (full 5):
 par new generation   total 39296K, used 4352K [0x00000000c2e00000, 0x00000000c58a0000, 0x00000000d7350000)
  eden space 34944K,   0% used [0x00000000c2e00000, 0x00000000c2e00000, 0x00000000c5020000)
  from space 4352K, 100% used [0x00000000c5020000, 0x00000000c5460000, 0x00000000c5460000)
  to   space 4352K,   0% used [0x00000000c5460000, 0x00000000c5460000, 0x00000000c58a0000)
 concurrent mark-sweep generation total 128684K, used 93543K [0x00000000d7350000, 0x00000000df0fb000, 0x0000000100000000)
 Metaspace       used 143694K, capacity 148366K, committed 148776K, reserved 1177600K
  class space    used 17912K, capacity 19852K, committed 19980K, reserved 1048576K
}
Event: 50.267 GC heap before
{Heap before GC invocations=16 (full 5):
 par new generation   total 39296K, used 39296K [0x00000000c2e00000, 0x00000000c58a0000, 0x00000000d7350000)
  eden space 34944K, 100% used [0x00000000c2e00000, 0x00000000c5020000, 0x00000000c5020000)
  from space 4352K, 100% used [0x00000000c5020000, 0x00000000c5460000, 0x00000000c5460000)
  to   space 4352K,   0% used [0x00000000c5460000, 0x00000000c5460000, 0x00000000c58a0000)
 concurrent mark-sweep generation total 128684K, used 93543K [0x00000000d7350000, 0x00000000df0fb000, 0x0000000100000000)
 Metaspace       used 149586K, capacity 154523K, committed 154664K, reserved 1183744K
  class space    used 18601K, capacity 20626K, committed 20748K, reserved 1048576K
}
Event: 50.272 GC heap after
{Heap after GC invocations=17 (full 5):
 par new generation   total 39296K, used 3695K [0x00000000c2e00000, 0x00000000c58a0000, 0x00000000d7350000)
  eden space 34944K,   0% used [0x00000000c2e00000, 0x00000000c2e00000, 0x00000000c5020000)
  from space 4352K,  84% used [0x00000000c5460000, 0x00000000c57fbf08, 0x00000000c58a0000)
  to   space 4352K,   0% used [0x00000000c5020000, 0x00000000c5020000, 0x00000000c5460000)
 concurrent mark-sweep generation total 128684K, used 96048K [0x00000000d7350000, 0x00000000df0fb000, 0x0000000100000000)
 Metaspace       used 149586K, capacity 154523K, committed 154664K, reserved 1183744K
  class space    used 18601K, capacity 20626K, committed 20748K, reserved 1048576K
}
Event: 54.469 GC heap before
{Heap before GC invocations=17 (full 5):
 par new generation   total 39296K, used 38639K [0x00000000c2e00000, 0x00000000c58a0000, 0x00000000d7350000)
  eden space 34944K, 100% used [0x00000000c2e00000, 0x00000000c5020000, 0x00000000c5020000)
  from space 4352K,  84% used [0x00000000c5460000, 0x00000000c57fbf08, 0x00000000c58a0000)
  to   space 4352K,   0% used [0x00000000c5020000, 0x00000000c5020000, 0x00000000c5460000)
 concurrent mark-sweep generation total 128684K, used 96048K [0x00000000d7350000, 0x00000000df0fb000, 0x0000000100000000)
 Metaspace       used 159743K, capacity 165069K, committed 165288K, reserved 1191936K
  class space    used 20060K, capacity 22303K, committed 22412K, reserved 1048576K
}
Event: 54.477 GC heap after
{Heap after GC invocations=18 (full 5):
 par new generation   total 39296K, used 4352K [0x00000000c2e00000, 0x00000000c58a0000, 0x00000000d7350000)
  eden space 34944K,   0% used [0x00000000c2e00000, 0x00000000c2e00000, 0x00000000c5020000)
  from space 4352K, 100% used [0x00000000c5020000, 0x00000000c5460000, 0x00000000c5460000)
  to   space 4352K,   0% used [0x00000000c5460000, 0x00000000c5460000, 0x00000000c58a0000)
 concurrent mark-sweep generation total 128684K, used 98767K [0x00000000d7350000, 0x00000000df0fb000, 0x0000000100000000)
 Metaspace       used 159743K, capacity 165069K, committed 165288K, reserved 1191936K
  class space    used 20060K, capacity 22303K, committed 22412K, reserved 1048576K
}
Event: 55.361 GC heap before
{Heap before GC invocations=18 (full 5):
 par new generation   total 39296K, used 39296K [0x00000000c2e00000, 0x00000000c58a0000, 0x00000000d7350000)
  eden space 34944K, 100% used [0x00000000c2e00000, 0x00000000c5020000, 0x00000000c5020000)
  from space 4352K, 100% used [0x00000000c5020000, 0x00000000c5460000, 0x00000000c5460000)
  to   space 4352K,   0% used [0x00000000c5460000, 0x00000000c5460000, 0x00000000c58a0000)
 concurrent mark-sweep generation total 128684K, used 98767K [0x00000000d7350000, 0x00000000df0fb000, 0x0000000100000000)
 Metaspace       used 163868K, capacity 169381K, committed 169640K, reserved 1196032K
  class space    used 20563K, capacity 22881K, committed 22924K, reserved 1048576K
}
Event: 55.368 GC heap after
{Heap after GC invocations=19 (full 5):
 par new generation   total 39296K, used 4278K [0x00000000c2e00000, 0x00000000c58a0000, 0x00000000d7350000)
  eden space 34944K,   0% used [0x00000000c2e00000, 0x00000000c2e00000, 0x00000000c5020000)
  from space 4352K,  98% used [0x00000000c5460000, 0x00000000c588dbc8, 0x00000000c58a0000)
  to   space 4352K,   0% used [0x00000000c5020000, 0x00000000c5020000, 0x00000000c5460000)
 concurrent mark-sweep generation total 128684K, used 101908K [0x00000000d7350000, 0x00000000df0fb000, 0x0000000100000000)
 Metaspace       used 163868K, capacity 169381K, committed 169640K, reserved 1196032K
  class space    used 20563K, capacity 22881K, committed 22924K, reserved 1048576K
}

